47 8 39 039
667 73 594 22616
1268 169 1099 841183
191 20 171 3174
357 27 330 15345
1592 219 1373 941467
25 8 17 017
3307 450 2857 1863043
1799 261 1538 891627
2413 448 1965 1182083
2676 405 2271 1702441
576 95 481 25506
3533 449 3084 1593243
1912 248 1664 1081772
2597 484 2113 1712284
507 58 449 87536
1959 249 1710 881798
789 130 659 33692
1264 200 1064 821146
824 82 742 42784
2329 297 2032 1652197
1595 179 1416 861502
817 145 672 39711
804 169 635 35670
1631 209 1422 1061528
1173 153 1020 571077
1709 220 1489 1061595
1038 588 450 404854
1034 170 864 47911
768 100 668 37705
1536 206 1330 981428
3576 474 3102 2043306
885 124 761 44805
1337 241 1096 701166
486 86 400 19419
1999 294 1705 1471852
658 92 566 37603
760 121 639 23662
712 75 637 26663
588 84 504 41545
663 78 585 18603
655 54 601 16617
1772 507 1265 4031668
62 12 50 050
620 84 536 45581
897 137 760 43803
1859 263 1596 1231719
2779 369 2410 1662576
1398 191 1207 871294
112 12 100 0100
649 117 532 27559
792 68 724 39763
1742 236 1506 1061612
663 112 551 43594
352 41 311 17328
2082 346 1736 1421878
353 42 311 17328
883 151 732 34766
2246 313 1933 1422075
671 72 599 81680
339 56 283 12295
1084 124 960 35995
721 105 616 38654
820 101 719 34753
143 15 128 0128
605 103 502 15517
2326 355 1971 1292100
358 41 317 4321
594 111 483 42525
552 110 442 20462
2081 243 1838 1191957
353 71 282 14296
1560 211 1349 941443
589 98 491 22513
609 87 522 32554
1339 184 1155 571212
1404 186 1218 1301348
2251 329 1922 1432065
1500 283 1217 901307
1161 225 936 47983
116 16 100 0100
778 129 649 38687
1287 171 1116 871203
1065 188 877 50927
442 63 379 19398
1400 191 1209 741283
1252 791 461 5961057
721 101 620 35655
2898 402 2496 1502646
490 78 412 26438
2016 291 1725 1151840
292 34 258 6264
1504 202 1302 761378
30 6 24 024
883 164 719 52771
1068 131 937 47984
1163 194 969 711040
499 77 422 30452
1060 117 943 54997
533 78 455 25480
